Traceback (most recent call last):
  File "C:\Users\janko\AppData\Local\Programs\Python\Python310\lib\site-packages\jupyter_cache\executors\utils.py", line 58, in single_nb_execution
    executenb(
  File "C:\Users\janko\AppData\Local\Programs\Python\Python310\lib\site-packages\nbclient\client.py", line 1305, in execute
    return NotebookClient(nb=nb, resources=resources, km=km, **kwargs).execute()
  File "C:\Users\janko\AppData\Local\Programs\Python\Python310\lib\site-packages\jupyter_core\utils\__init__.py", line 166, in wrapped
    return loop.run_until_complete(inner)
  File "C:\Users\janko\AppData\Local\Programs\Python\Python310\lib\asyncio\base_events.py", line 646, in run_until_complete
    return future.result()
  File "C:\Users\janko\AppData\Local\Programs\Python\Python310\lib\site-packages\nbclient\client.py", line 705, in async_execute
    await self.async_execute_cell(
  File "C:\Users\janko\AppData\Local\Programs\Python\Python310\lib\site-packages\nbclient\client.py", line 1058, in async_execute_cell
    await self._check_raise_for_error(cell, cell_index, exec_reply)
  File "C:\Users\janko\AppData\Local\Programs\Python\Python310\lib\site-packages\nbclient\client.py", line 914, in _check_raise_for_error
    raise CellExecutionError.from_cell_and_msg(cell, exec_reply_content)
nbclient.exceptions.CellExecutionError: An error occurred while executing the following cell:
------------------
labview = open('zapis_labview.lvm', mode='r') # Odpremo datoteko

seznam = []  # Pripravimo prazen seznam, na katerega bomo pripenjali vrednosti  
for vrstica in labview:
    podatek = vrstica.split()  # Vrstico razbijemo na dva stolpca
    if len(podatek) is 2:
         seznam.append((podatek[0], podatek[1]))  # V seznam shranjujemo dvojico terk, bomo rabili za narediti slovar
    else:
        break  # Ko pride do End of header se ustavi
        
labview.close() # Zapremo datoteko

# Naredimo slovar
slovar = dict(seznam)

print(slovar)

# Preverimo ƒçe dela
print(slovar['Time'])

------------------

----- stderr -----
<>:6: SyntaxWarning: "is" with a literal. Did you mean "=="?
<>:6: SyntaxWarning: "is" with a literal. Did you mean "=="?
------------------

[1;31m---------------------------------------------------------------------------[0m
[1;31mFileNotFoundError[0m                         Traceback (most recent call last)
Cell [1;32mIn[5], line 1[0m
[1;32m----> 1[0m labview [38;5;241m=[39m [38;5;28;43mopen[39;49m[43m([49m[38;5;124;43m'[39;49m[38;5;124;43mzapis_labview.lvm[39;49m[38;5;124;43m'[39;49m[43m,[49m[43m [49m[43mmode[49m[38;5;241;43m=[39;49m[38;5;124;43m'[39;49m[38;5;124;43mr[39;49m[38;5;124;43m'[39;49m[43m)[49m [38;5;66;03m# Odpremo datoteko[39;00m
[0;32m      3[0m seznam [38;5;241m=[39m []  [38;5;66;03m# Pripravimo prazen seznam, na katerega bomo pripenjali vrednosti  [39;00m
[0;32m      4[0m [38;5;28;01mfor[39;00m vrstica [38;5;129;01min[39;00m labview:

File [1;32m~\AppData\Local\Programs\Python\Python310\lib\site-packages\IPython\core\interactiveshell.py:286[0m, in [0;36m_modified_open[1;34m(file, *args, **kwargs)[0m
[0;32m    279[0m [38;5;28;01mif[39;00m file [38;5;129;01min[39;00m {[38;5;241m0[39m, [38;5;241m1[39m, [38;5;241m2[39m}:
[0;32m    280[0m     [38;5;28;01mraise[39;00m [38;5;167;01mValueError[39;00m(
[0;32m    281[0m         [38;5;124mf[39m[38;5;124m"[39m[38;5;124mIPython won[39m[38;5;124m'[39m[38;5;124mt let you open fd=[39m[38;5;132;01m{[39;00mfile[38;5;132;01m}[39;00m[38;5;124m by default [39m[38;5;124m"[39m
[0;32m    282[0m         [38;5;124m"[39m[38;5;124mas it is likely to crash IPython. If you know what you are doing, [39m[38;5;124m"[39m
[0;32m    283[0m         [38;5;124m"[39m[38;5;124myou can use builtins[39m[38;5;124m'[39m[38;5;124m open.[39m[38;5;124m"[39m
[0;32m    284[0m     )
[1;32m--> 286[0m [38;5;28;01mreturn[39;00m io_open(file, [38;5;241m*[39margs, [38;5;241m*[39m[38;5;241m*[39mkwargs)

[1;31mFileNotFoundError[0m: [Errno 2] No such file or directory: 'zapis_labview.lvm'

